Build started 12/19/2014 8:00:35 PM.
     1>Project "C:\Users\Dcepter1\Dropbox\Avila Jorge\Final\Simulation Mode\bgi.vcxproj" on node 2 (Build target(s)).
     1>C:\Program Files (x86)\MSBuild\Microsoft.Cpp\v4.0\V120\Microsoft.CppBuild.targets(381,5): warning MSB8028: The intermediate directory (Debug\) contains files shared from another project (Explorer Mode.vcxproj, Segregation.vcxproj).  This can lead to incorrect clean and rebuild behavior.
     1>ClCompile:
         C:\Program Files (x86)\Microsoft Visual Studio 12.0\VC\bin\CL.exe /c /ZI /nologo /W3 /WX- /Od /Oy- /D _MBCS /Gm /EHsc /RTC1 /MDd /GS /fp:precise /Zc:wchar_t /Zc:forScope /Fo"Debug\\" /Fd"Debug\vc120.pdb" /Gd /TP /analyze- /errorReport:prompt Grid.cpp Main.cpp
         Grid.cpp
     1>c:\users\dcepter1\dropbox\avila jorge\final\simulation mode\grid.cpp(192): warning C4244: '=' : conversion from 'double' to 'int', possible loss of data
     1>c:\users\dcepter1\dropbox\avila jorge\final\simulation mode\grid.cpp(193): warning C4244: '=' : conversion from 'double' to 'int', possible loss of data
         Generating Code...
         Compiling...
         Main.cpp
     1>c:\users\dcepter1\dropbox\avila jorge\final\simulation mode\main.cpp(92): warning C4244: 'argument' : conversion from 'const double' to 'int', possible loss of data
         Generating Code...
       Link:
         C:\Program Files (x86)\Microsoft Visual Studio 12.0\VC\bin\link.exe /ERRORREPORT:PROMPT /OUT:"C:\Users\Dcepter1\Dropbox\Avila Jorge\Final\Simulation Mode\Debug\Simulation Mode.exe" /INCREMENTAL /NOLOGO kernel32.lib user32.lib gdi32.lib winspool.lib comdlg32.lib advapi32.lib shell32.lib ole32.lib oleaut32.lib uuid.lib odbc32.lib odbccp32.lib /MANIFEST /MANIFESTUAC:"level='asInvoker' uiAccess='false'" /manifest:embed /DEBUG /PDB:"C:\Users\Dcepter1\Dropbox\Avila Jorge\Final\Simulation Mode\Debug\Simulation Mode.pdb" /TLBID:1 /DYNAMICBASE /NXCOMPAT /IMPLIB:"C:\Users\Dcepter1\Dropbox\Avila Jorge\Final\Simulation Mode\Debug\Simulation Mode.lib" /MACHINE:X86 Debug\bgiout.obj
         Debug\dibutil.obj
         Debug\drawing.obj
         Debug\file.obj
         Debug\Fraction.obj
         Debug\Grid.obj
         Debug\Image.obj
         Debug\Main.obj
         Debug\misc.obj
         Debug\mouse.obj
         Debug\palette.obj
         Debug\Person.obj
         Debug\text.obj
         Debug\winbgi.obj
         Debug\winthread.obj
         bgi.vcxproj -> C:\Users\Dcepter1\Dropbox\Avila Jorge\Final\Simulation Mode\Debug\Simulation Mode.exe
     1>Done Building Project "C:\Users\Dcepter1\Dropbox\Avila Jorge\Final\Simulation Mode\bgi.vcxproj" (Build target(s)).

Build succeeded.

Time Elapsed 00:00:06.05
